2020-04-10T12:12:25+00:00 DEBUG 
====Stripe Version: 4.3.2====
====Start Log====
Keys are not set correctly.
====End Log====


2020-04-10T12:12:31+00:00 DEBUG 
====Stripe Version: 4.3.2====
====Start Log====
Keys are not set correctly.
====End Log====


2020-04-10T12:12:48+00:00 DEBUG 
====Stripe Version: 4.3.2====
====Start Log====
Keys are not set correctly.
====End Log====


2020-04-10T12:12:53+00:00 DEBUG 
====Stripe Version: 4.3.2====
====Start Log====
Keys are not set correctly.
====End Log====


2020-04-10T12:12:57+00:00 DEBUG 
====Stripe Version: 4.3.2====
====Start Log====
Keys are not set correctly.
====End Log====


2020-04-10T12:13:18+00:00 DEBUG 
====Stripe Version: 4.3.2====
====Start Log====
Keys are not set correctly.
====End Log====


2020-04-10T12:13:21+00:00 DEBUG 
====Stripe Version: 4.3.2====
====Start Log====
Keys are not set correctly.
====End Log====


2020-04-10T12:13:32+00:00 DEBUG 
====Stripe Version: 4.3.2====
====Start Log====
Keys are not set correctly.
====End Log====


2020-04-10T12:13:37+00:00 DEBUG 
====Stripe Version: 4.3.2====
====Start Log====
Keys are not set correctly.
====End Log====


2020-04-10T12:15:23+00:00 DEBUG 
====Stripe Version: 4.3.2====
====Start Log====
Keys are not set correctly.
====End Log====


2020-04-10T12:15:35+00:00 DEBUG 
====Stripe Version: 4.3.2====
====Start Log====
Keys are not set correctly.
====End Log====


2020-04-10T12:15:39+00:00 DEBUG 
====Stripe Version: 4.3.2====
====Start Log====
Keys are not set correctly.
====End Log====


2020-04-10T12:15:52+00:00 DEBUG 
====Stripe Version: 4.3.2====
====Start Log====
Keys are not set correctly.
====End Log====


2020-04-10T12:15:56+00:00 DEBUG 
====Stripe Version: 4.3.2====
====Start Log====
Keys are not set correctly.
====End Log====


2020-04-10T12:16:33+00:00 DEBUG 
====Stripe Version: 4.3.2====
====Start Log====
Keys are not set correctly.
====End Log====


2020-04-10T12:16:38+00:00 DEBUG 
====Stripe Version: 4.3.2====
====Start Log====
Keys are not set correctly.
====End Log====


2020-04-10T12:16:42+00:00 DEBUG 
====Stripe Version: 4.3.2====
====Start Log====
Keys are not set correctly.
====End Log====


2020-04-10T12:16:52+00:00 DEBUG 
====Stripe Version: 4.3.2====
====Start Log====
Keys are not set correctly.
====End Log====


2020-04-10T12:17:28+00:00 DEBUG 
====Stripe Version: 4.3.2====
====Start Log====
Keys are not set correctly.
====End Log====


2020-04-10T12:17:29+00:00 DEBUG 
====Stripe Version: 4.3.2====
====Start Log====
Keys are not set correctly.
====End Log====


2020-04-10T12:17:48+00:00 DEBUG 
====Stripe Version: 4.3.2====
====Start Log====
Keys are not set correctly.
====End Log====


2020-04-10T12:18:08+00:00 DEBUG 
====Stripe Version: 4.3.2====
====Start Log====
Keys are not set correctly.
====End Log====


2020-04-10T12:18:11+00:00 DEBUG 
====Stripe Version: 4.3.2====
====Start Log====
Keys are not set correctly.
====End Log====


2020-04-10T12:20:44+00:00 DEBUG 
====Stripe Version: 4.3.2====
====Start Log====
Keys are not set correctly.
====End Log====


2020-04-10T12:22:16+00:00 DEBUG 
====Stripe Version: 4.3.2====
====Start Log====
Keys are not set correctly.
====End Log====


2020-04-10T12:22:35+00:00 DEBUG 
====Stripe Version: 4.3.2====
====Start Log====
Keys are not set correctly.
====End Log====


2020-04-10T12:22:56+00:00 DEBUG 
====Stripe Version: 4.3.2====
====Start Log====
Keys are not set correctly.
====End Log====


2020-04-10T12:23:08+00:00 DEBUG 
====Stripe Version: 4.3.2====
====Start Log====
Keys are not set correctly.
====End Log====


2020-04-10T12:26:56+00:00 DEBUG 
====Stripe Version: 4.3.2====
====Start Log====
Keys are not set correctly.
====End Log====


2020-04-10T12:26:59+00:00 DEBUG 
====Stripe Version: 4.3.2====
====Start Log====
Keys are not set correctly.
====End Log====


2020-04-10T12:27:08+00:00 DEBUG 
====Stripe Version: 4.3.2====
====Start Log====
Keys are not set correctly.
====End Log====


2020-04-10T12:27:12+00:00 DEBUG 
====Stripe Version: 4.3.2====
====Start Log====
Keys are not set correctly.
====End Log====


2020-04-10T12:27:14+00:00 DEBUG 
====Stripe Version: 4.3.2====
====Start Log====
Keys are not set correctly.
====End Log====


2020-04-10T12:27:16+00:00 DEBUG 
====Stripe Version: 4.3.2====
====Start Log====
Keys are not set correctly.
====End Log====


2020-04-10T12:27:36+00:00 DEBUG 
====Stripe Version: 4.3.2====
====Start Log====
Keys are not set correctly.
====End Log====


2020-04-10T12:27:50+00:00 DEBUG 
====Stripe Version: 4.3.2====
====Start Log====
Keys are not set correctly.
====End Log====


2020-04-10T12:28:03+00:00 DEBUG 
====Stripe Version: 4.3.2====
====Start Log====
Keys are not set correctly.
====End Log====


2020-04-10T12:28:08+00:00 DEBUG 
====Stripe Version: 4.3.2====
====Start Log====
Keys are not set correctly.
====End Log====


2020-04-10T12:28:11+00:00 DEBUG 
====Stripe Version: 4.3.2====
====Start Log====
Keys are not set correctly.
====End Log====


2020-04-10T12:28:20+00:00 DEBUG 
====Stripe Version: 4.3.2====
====Start Log====
Keys are not set correctly.
====End Log====


2020-04-10T12:28:23+00:00 DEBUG 
====Stripe Version: 4.3.2====
====Start Log====
Keys are not set correctly.
====End Log====


2020-04-10T12:32:37+00:00 DEBUG 
====Stripe Version: 4.3.2====
====Start Log====
Keys are not set correctly.
====End Log====


2020-04-10T12:33:02+00:00 DEBUG 
====Stripe Version: 4.3.2====
====Start Log====
Keys are not set correctly.
====End Log====


2020-04-10T12:35:35+00:00 DEBUG 
====Stripe Version: 4.3.2====
====Start Log====
Keys are not set correctly.
====End Log====


2020-04-10T12:35:56+00:00 DEBUG 
====Stripe Version: 4.3.2====
====Start Log====
Keys are not set correctly.
====End Log====


2020-04-10T12:35:57+00:00 DEBUG 
====Stripe Version: 4.3.2====
====Start Log====
Keys are not set correctly.
====End Log====


2020-04-10T12:37:00+00:00 DEBUG 
====Stripe Version: 4.3.2====
====Start Log====
Keys are not set correctly.
====End Log====


2020-04-10T12:37:06+00:00 DEBUG 
====Stripe Version: 4.3.2====
====Start Log====
Keys are not set correctly.
====End Log====


2020-04-10T12:38:15+00:00 DEBUG 
====Stripe Version: 4.3.2====
====Start Log====
Keys are not set correctly.
====End Log====


2020-04-10T13:05:00+00:00 DEBUG 
====Stripe Version: 4.3.2====
====Start Log====
Keys are not set correctly.
====End Log====


2020-04-10T13:27:25+00:00 DEBUG 
====Stripe Version: 4.3.2====
====Start Log====
Keys are not set correctly.
====End Log====


2020-04-10T13:40:13+00:00 DEBUG 
====Stripe Version: 4.3.2====
====Start Log====
Keys are not set correctly.
====End Log====


2020-04-10T13:40:20+00:00 DEBUG 
====Stripe Version: 4.3.2====
====Start Log====
Keys are not set correctly.
====End Log====


2020-04-10T14:34:36+00:00 DEBUG 
====Stripe Version: 4.3.2====
====Start Log====
Keys are not set correctly.
====End Log====


2020-04-10T14:34:41+00:00 DEBUG 
====Stripe Version: 4.3.2====
====Start Log====
Keys are not set correctly.
====End Log====


2020-04-10T15:00:19+00:00 DEBUG 
====Stripe Version: 4.3.2====
====Start Log====
Keys are not set correctly.
====End Log====


2020-04-10T15:01:37+00:00 DEBUG 
====Stripe Version: 4.3.2====
====Start Log====
Keys are not set correctly.
====End Log====


2020-04-10T15:04:44+00:00 DEBUG 
====Stripe Version: 4.3.2====
====Start Log====
Keys are not set correctly.
====End Log====


2020-04-10T15:05:16+00:00 DEBUG 
====Stripe Version: 4.3.2====
====Start Log====
Keys are not set correctly.
====End Log====


2020-04-10T15:05:33+00:00 DEBUG 
====Stripe Version: 4.3.2====
====Start Log====
Keys are not set correctly.
====End Log====


2020-04-10T15:06:35+00:00 DEBUG 
====Stripe Version: 4.3.2====
====Start Log====
Keys are not set correctly.
====End Log====


