2020-04-14T07:55:57+00:00 DEBUG 
====Stripe Version: 4.3.2====
====Start Log====
Keys are not set correctly.
====End Log====


2020-04-14T07:56:29+00:00 DEBUG 
====Stripe Version: 4.3.2====
====Start Log====
Keys are not set correctly.
====End Log====


2020-04-14T07:56:33+00:00 DEBUG 
====Stripe Version: 4.3.2====
====Start Log====
Keys are not set correctly.
====End Log====


2020-04-14T07:56:33+00:00 DEBUG 
====Stripe Version: 4.3.2====
====Start Log====
Keys are not set correctly.
====End Log====


2020-04-14T07:56:37+00:00 DEBUG 
====Stripe Version: 4.3.2====
====Start Log====
Keys are not set correctly.
====End Log====


2020-04-14T07:56:54+00:00 DEBUG 
====Stripe Version: 4.3.2====
====Start Log====
Keys are not set correctly.
====End Log====


2020-04-14T07:57:02+00:00 DEBUG 
====Stripe Version: 4.3.2====
====Start Log====
Keys are not set correctly.
====End Log====


2020-04-14T07:57:06+00:00 DEBUG 
====Stripe Version: 4.3.2====
====Start Log====
Keys are not set correctly.
====End Log====


2020-04-14T07:57:13+00:00 DEBUG 
====Stripe Version: 4.3.2====
====Start Log====
Keys are not set correctly.
====End Log====


2020-04-14T07:57:17+00:00 DEBUG 
====Stripe Version: 4.3.2====
====Start Log====
Keys are not set correctly.
====End Log====


2020-04-14T08:04:43+00:00 DEBUG 
====Stripe Version: 4.3.2====
====Start Log====
Keys are not set correctly.
====End Log====


2020-04-14T08:05:44+00:00 DEBUG 
====Stripe Version: 4.3.2====
====Start Log====
Keys are not set correctly.
====End Log====


2020-04-14T08:05:45+00:00 DEBUG 
====Stripe Version: 4.3.2====
====Start Log====
Keys are not set correctly.
====End Log====


2020-04-14T08:12:02+00:00 DEBUG 
====Stripe Version: 4.3.2====
====Start Log====
Keys are not set correctly.
====End Log====


2020-04-14T08:12:23+00:00 DEBUG 
====Stripe Version: 4.3.2====
====Start Log====
Keys are not set correctly.
====End Log====


2020-04-14T08:13:53+00:00 DEBUG 
====Stripe Version: 4.3.2====
====Start Log====
Keys are not set correctly.
====End Log====


2020-04-14T08:14:34+00:00 DEBUG 
====Stripe Version: 4.3.2====
====Start Log====
Keys are not set correctly.
====End Log====


2020-04-14T08:14:42+00:00 DEBUG 
====Stripe Version: 4.3.2====
====Start Log====
Keys are not set correctly.
====End Log====


2020-04-14T08:14:55+00:00 DEBUG 
====Stripe Version: 4.3.2====
====Start Log====
Keys are not set correctly.
====End Log====


2020-04-14T08:14:59+00:00 DEBUG 
====Stripe Version: 4.3.2====
====Start Log====
Keys are not set correctly.
====End Log====


2020-04-14T08:15:58+00:00 DEBUG 
====Stripe Version: 4.3.2====
====Start Log====
Keys are not set correctly.
====End Log====


2020-04-14T08:16:28+00:00 DEBUG 
====Stripe Version: 4.3.2====
====Start Log====
Keys are not set correctly.
====End Log====


2020-04-14T08:16:55+00:00 DEBUG 
====Stripe Version: 4.3.2====
====Start Log====
Keys are not set correctly.
====End Log====


2020-04-14T08:16:59+00:00 DEBUG 
====Stripe Version: 4.3.2====
====Start Log====
Keys are not set correctly.
====End Log====


2020-04-14T08:17:01+00:00 DEBUG 
====Stripe Version: 4.3.2====
====Start Log====
Keys are not set correctly.
====End Log====


2020-04-14T08:18:50+00:00 DEBUG 
====Stripe Version: 4.3.2====
====Start Log====
Keys are not set correctly.
====End Log====


2020-04-14T08:21:52+00:00 DEBUG 
====Stripe Version: 4.3.2====
====Start Log====
Keys are not set correctly.
====End Log====


2020-04-14T08:21:53+00:00 DEBUG 
====Stripe Version: 4.3.2====
====Start Log====
Keys are not set correctly.
====End Log====


2020-04-14T08:23:59+00:00 DEBUG 
====Stripe Version: 4.3.2====
====Start Log====
Keys are not set correctly.
====End Log====


2020-04-14T08:24:05+00:00 DEBUG 
====Stripe Version: 4.3.2====
====Start Log====
Keys are not set correctly.
====End Log====


2020-04-14T08:42:37+00:00 DEBUG 
====Stripe Version: 4.3.2====
====Start Log====
Keys are not set correctly.
====End Log====


2020-04-14T08:42:40+00:00 DEBUG 
====Stripe Version: 4.3.2====
====Start Log====
Keys are not set correctly.
====End Log====


2020-04-14T08:43:08+00:00 DEBUG 
====Stripe Version: 4.3.2====
====Start Log====
Keys are not set correctly.
====End Log====


2020-04-14T08:43:23+00:00 DEBUG 
====Stripe Version: 4.3.2====
====Start Log====
Keys are not set correctly.
====End Log====


2020-04-14T08:43:26+00:00 DEBUG 
====Stripe Version: 4.3.2====
====Start Log====
Keys are not set correctly.
====End Log====


2020-04-14T08:43:33+00:00 DEBUG 
====Stripe Version: 4.3.2====
====Start Log====
Keys are not set correctly.
====End Log====


2020-04-14T08:43:40+00:00 DEBUG 
====Stripe Version: 4.3.2====
====Start Log====
Keys are not set correctly.
====End Log====


2020-04-14T08:43:41+00:00 DEBUG 
====Stripe Version: 4.3.2====
====Start Log====
Keys are not set correctly.
====End Log====


2020-04-14T08:43:45+00:00 DEBUG 
====Stripe Version: 4.3.2====
====Start Log====
Keys are not set correctly.
====End Log====


2020-04-14T08:43:50+00:00 DEBUG 
====Stripe Version: 4.3.2====
====Start Log====
Keys are not set correctly.
====End Log====


2020-04-14T08:44:00+00:00 DEBUG 
====Stripe Version: 4.3.2====
====Start Log====
Keys are not set correctly.
====End Log====


2020-04-14T08:46:14+00:00 DEBUG 
====Stripe Version: 4.3.2====
====Start Log====
Keys are not set correctly.
====End Log====


2020-04-14T08:53:23+00:00 DEBUG 
====Stripe Version: 4.3.2====
====Start Log====
Keys are not set correctly.
====End Log====


2020-04-14T08:54:19+00:00 DEBUG 
====Stripe Version: 4.3.2====
====Start Log====
Keys are not set correctly.
====End Log====


2020-04-14T08:54:45+00:00 DEBUG 
====Stripe Version: 4.3.2====
====Start Log====
Keys are not set correctly.
====End Log====


2020-04-14T08:59:29+00:00 DEBUG 
====Stripe Version: 4.3.2====
====Start Log====
Keys are not set correctly.
====End Log====


2020-04-14T08:59:41+00:00 DEBUG 
====Stripe Version: 4.3.2====
====Start Log====
Keys are not set correctly.
====End Log====


2020-04-14T09:11:48+00:00 DEBUG 
====Stripe Version: 4.3.2====
====Start Log====
Keys are not set correctly.
====End Log====


2020-04-14T09:13:39+00:00 DEBUG 
====Stripe Version: 4.3.2====
====Start Log====
Keys are not set correctly.
====End Log====


2020-04-14T09:15:29+00:00 DEBUG 
====Stripe Version: 4.3.2====
====Start Log====
Keys are not set correctly.
====End Log====


2020-04-14T09:18:09+00:00 DEBUG 
====Stripe Version: 4.3.2====
====Start Log====
Keys are not set correctly.
====End Log====


2020-04-14T09:19:11+00:00 DEBUG 
====Stripe Version: 4.3.2====
====Start Log====
Keys are not set correctly.
====End Log====


2020-04-14T09:22:32+00:00 DEBUG 
====Stripe Version: 4.3.2====
====Start Log====
Keys are not set correctly.
====End Log====


2020-04-14T09:40:32+00:00 DEBUG 
====Stripe Version: 4.3.2====
====Start Log====
Keys are not set correctly.
====End Log====


2020-04-14T09:42:08+00:00 DEBUG 
====Stripe Version: 4.3.2====
====Start Log====
Keys are not set correctly.
====End Log====


2020-04-14T09:43:11+00:00 DEBUG 
====Stripe Version: 4.3.2====
====Start Log====
Keys are not set correctly.
====End Log====


2020-04-14T09:46:11+00:00 DEBUG 
====Stripe Version: 4.3.2====
====Start Log====
Keys are not set correctly.
====End Log====


2020-04-14T09:49:14+00:00 DEBUG 
====Stripe Version: 4.3.2====
====Start Log====
Keys are not set correctly.
====End Log====


2020-04-14T09:49:19+00:00 DEBUG 
====Stripe Version: 4.3.2====
====Start Log====
Keys are not set correctly.
====End Log====


2020-04-14T09:50:22+00:00 DEBUG 
====Stripe Version: 4.3.2====
====Start Log====
Keys are not set correctly.
====End Log====


2020-04-14T09:51:57+00:00 DEBUG 
====Stripe Version: 4.3.2====
====Start Log====
Keys are not set correctly.
====End Log====


2020-04-14T09:52:38+00:00 DEBUG 
====Stripe Version: 4.3.2====
====Start Log====
Keys are not set correctly.
====End Log====


2020-04-14T09:52:41+00:00 DEBUG 
====Stripe Version: 4.3.2====
====Start Log====
Keys are not set correctly.
====End Log====


2020-04-14T10:08:04+00:00 DEBUG 
====Stripe Version: 4.3.2====
====Start Log====
Keys are not set correctly.
====End Log====


2020-04-14T10:08:46+00:00 DEBUG 
====Stripe Version: 4.3.2====
====Start Log====
Keys are not set correctly.
====End Log====


2020-04-14T10:08:58+00:00 DEBUG 
====Stripe Version: 4.3.2====
====Start Log====
Keys are not set correctly.
====End Log====


2020-04-14T10:10:19+00:00 DEBUG 
====Stripe Version: 4.3.2====
====Start Log====
Keys are not set correctly.
====End Log====


2020-04-14T10:18:37+00:00 DEBUG 
====Stripe Version: 4.3.2====
====Start Log====
Keys are not set correctly.
====End Log====


2020-04-14T10:23:51+00:00 DEBUG 
====Stripe Version: 4.3.2====
====Start Log====
Keys are not set correctly.
====End Log====


2020-04-14T10:24:07+00:00 DEBUG 
====Stripe Version: 4.3.2====
====Start Log====
Keys are not set correctly.
====End Log====


2020-04-14T10:24:12+00:00 DEBUG 
====Stripe Version: 4.3.2====
====Start Log====
Keys are not set correctly.
====End Log====


2020-04-14T10:24:34+00:00 DEBUG 
====Stripe Version: 4.3.2====
====Start Log====
Keys are not set correctly.
====End Log====


2020-04-14T10:24:34+00:00 DEBUG 
====Stripe Version: 4.3.2====
====Start Log====
Keys are not set correctly.
====End Log====


2020-04-14T10:24:35+00:00 DEBUG 
====Stripe Version: 4.3.2====
====Start Log====
Keys are not set correctly.
====End Log====


2020-04-14T10:24:56+00:00 DEBUG 
====Stripe Version: 4.3.2====
====Start Log====
Keys are not set correctly.
====End Log====


2020-04-14T10:25:08+00:00 DEBUG 
====Stripe Version: 4.3.2====
====Start Log====
Keys are not set correctly.
====End Log====


2020-04-14T10:26:02+00:00 DEBUG 
====Stripe Version: 4.3.2====
====Start Log====
Keys are not set correctly.
====End Log====


2020-04-14T10:26:36+00:00 DEBUG 
====Stripe Version: 4.3.2====
====Start Log====
Keys are not set correctly.
====End Log====


2020-04-14T10:26:56+00:00 DEBUG 
====Stripe Version: 4.3.2====
====Start Log====
Keys are not set correctly.
====End Log====


2020-04-14T10:27:02+00:00 DEBUG 
====Stripe Version: 4.3.2====
====Start Log====
Keys are not set correctly.
====End Log====


2020-04-14T10:27:45+00:00 DEBUG 
====Stripe Version: 4.3.2====
====Start Log====
Keys are not set correctly.
====End Log====


2020-04-14T10:29:56+00:00 DEBUG 
====Stripe Version: 4.3.2====
====Start Log====
Keys are not set correctly.
====End Log====


2020-04-14T10:30:06+00:00 DEBUG 
====Stripe Version: 4.3.2====
====Start Log====
Keys are not set correctly.
====End Log====


2020-04-14T10:30:39+00:00 DEBUG 
====Stripe Version: 4.3.2====
====Start Log====
Keys are not set correctly.
====End Log====


2020-04-14T10:32:32+00:00 DEBUG 
====Stripe Version: 4.3.2====
====Start Log====
Keys are not set correctly.
====End Log====


2020-04-14T10:32:33+00:00 DEBUG 
====Stripe Version: 4.3.2====
====Start Log====
Keys are not set correctly.
====End Log====


2020-04-14T10:32:33+00:00 DEBUG 
====Stripe Version: 4.3.2====
====Start Log====
Keys are not set correctly.
====End Log====


2020-04-14T10:32:34+00:00 DEBUG 
====Stripe Version: 4.3.2====
====Start Log====
Keys are not set correctly.
====End Log====


2020-04-14T10:32:34+00:00 DEBUG 
====Stripe Version: 4.3.2====
====Start Log====
Keys are not set correctly.
====End Log====


2020-04-14T10:32:34+00:00 DEBUG 
====Stripe Version: 4.3.2====
====Start Log====
Keys are not set correctly.
====End Log====


2020-04-14T10:32:35+00:00 DEBUG 
====Stripe Version: 4.3.2====
====Start Log====
Keys are not set correctly.
====End Log====


2020-04-14T10:32:35+00:00 DEBUG 
====Stripe Version: 4.3.2====
====Start Log====
Keys are not set correctly.
====End Log====


2020-04-14T10:32:36+00:00 DEBUG 
====Stripe Version: 4.3.2====
====Start Log====
Keys are not set correctly.
====End Log====


2020-04-14T10:32:36+00:00 DEBUG 
====Stripe Version: 4.3.2====
====Start Log====
Keys are not set correctly.
====End Log====


2020-04-14T10:32:36+00:00 DEBUG 
====Stripe Version: 4.3.2====
====Start Log====
Keys are not set correctly.
====End Log====


2020-04-14T10:32:36+00:00 DEBUG 
====Stripe Version: 4.3.2====
====Start Log====
Keys are not set correctly.
====End Log====


2020-04-14T10:32:36+00:00 DEBUG 
====Stripe Version: 4.3.2====
====Start Log====
Keys are not set correctly.
====End Log====


2020-04-14T10:32:36+00:00 DEBUG 
====Stripe Version: 4.3.2====
====Start Log====
Keys are not set correctly.
====End Log====


2020-04-14T10:33:50+00:00 DEBUG 
====Stripe Version: 4.3.2====
====Start Log====
Keys are not set correctly.
====End Log====


2020-04-14T10:34:31+00:00 DEBUG 
====Stripe Version: 4.3.2====
====Start Log====
Keys are not set correctly.
====End Log====


2020-04-14T10:34:31+00:00 DEBUG 
====Stripe Version: 4.3.2====
====Start Log====
Keys are not set correctly.
====End Log====


2020-04-14T10:34:39+00:00 DEBUG 
====Stripe Version: 4.3.2====
====Start Log====
Keys are not set correctly.
====End Log====


2020-04-14T10:37:14+00:00 DEBUG 
====Stripe Version: 4.3.2====
====Start Log====
Keys are not set correctly.
====End Log====


2020-04-14T10:37:31+00:00 DEBUG 
====Stripe Version: 4.3.2====
====Start Log====
Keys are not set correctly.
====End Log====


2020-04-14T10:37:38+00:00 DEBUG 
====Stripe Version: 4.3.2====
====Start Log====
Keys are not set correctly.
====End Log====


2020-04-14T10:38:27+00:00 DEBUG 
====Stripe Version: 4.3.2====
====Start Log====
Keys are not set correctly.
====End Log====


2020-04-14T10:42:33+00:00 DEBUG 
====Stripe Version: 4.3.2====
====Start Log====
Keys are not set correctly.
====End Log====


2020-04-14T11:26:18+00:00 DEBUG 
====Stripe Version: 4.3.2====
====Start Log====
Keys are not set correctly.
====End Log====


2020-04-14T11:26:23+00:00 DEBUG 
====Stripe Version: 4.3.2====
====Start Log====
Keys are not set correctly.
====End Log====


2020-04-14T11:26:33+00:00 DEBUG 
====Stripe Version: 4.3.2====
====Start Log====
Keys are not set correctly.
====End Log====


